<?xml version="1.0" encoding="UTF-8"?>
<!-- Generated by org.testng.reporters.JUnitReportReporter -->
<testsuite hostname="SIVAVARMA" failures="0" tests="2" name="com.orangeHRM.tests.LoginPageValidation" time="24.974" errors="0" timestamp="2026-02-19T07:42:32 IST" skipped="0">
  <testcase classname="com.orangeHRM.tests.LoginPageValidation" name="validateLogin" time="12.101"/>
  <testcase classname="com.orangeHRM.tests.LoginPageValidation" name="invalidLoginTest" time="12.873"/>
</testsuite> <!-- com.orangeHRM.tests.LoginPageValidation -->
