<?xml version="1.0" encoding="UTF-8"?>
<!-- Generated by org.testng.reporters.JUnitReportReporter -->
<testsuite hostname="SIVAVARMA" failures="0" tests="2" name="com.orangeHRM.tests.LoginTest" time="48.679" errors="0" timestamp="2026-02-15T07:56:22 IST" skipped="0">
  <testcase classname="com.orangeHRM.tests.LoginTest" name="validateLogin" time="20.433"/>
  <testcase classname="com.orangeHRM.tests.LoginTest" name="invalidLoginTest" time="28.246"/>
</testsuite> <!-- com.orangeHRM.tests.LoginTest -->
