<?xml version="1.0" encoding="UTF-8"?>
<testng-results ignored="0" total="2" passed="2" failed="0" skipped="0">
  <reporter-output>
  </reporter-output>
  <suite started-at="2026-02-15T07:55:33 IST" name="Default suite" finished-at="2026-02-15T07:56:22 IST" duration-ms="48744">
    <groups>
    </groups>
    <test started-at="2026-02-15T07:55:33 IST" name="Default test" finished-at="2026-02-15T07:56:22 IST" duration-ms="48744">
      <class name="com.orangeHRM.tests.LoginTest">
        <test-method is-config="true" signature="setup()[pri:0, instance:com.orangeHRM.tests.LoginTest@7cc0cdad]" started-at="2026-02-15T07:55:33 IST" name="setup" finished-at="2026-02-15T07:55:58 IST" duration-ms="24501" status="PASS">
          <reporter-output>
          </reporter-output>
        </test-method> <!-- setup -->
        <test-method signature="validateLogin()[pri:1, instance:com.orangeHRM.tests.LoginTest@7cc0cdad]" started-at="2026-02-15T07:55:58 IST" name="validateLogin" finished-at="2026-02-15T07:56:04 IST" duration-ms="5821" status="PASS">
          <reporter-output>
          </reporter-output>
        </test-method> <!-- validateLogin -->
        <test-method is-config="true" signature="tearDown()[pri:0, instance:com.orangeHRM.tests.LoginTest@7cc0cdad]" started-at="2026-02-15T07:56:04 IST" name="tearDown" finished-at="2026-02-15T07:56:04 IST" duration-ms="302" status="PASS">
          <reporter-output>
          </reporter-output>
        </test-method> <!-- tearDown -->
        <test-method is-config="true" signature="setup()[pri:0, instance:com.orangeHRM.tests.LoginTest@7cc0cdad]" started-at="2026-02-15T07:56:04 IST" name="setup" finished-at="2026-02-15T07:56:18 IST" duration-ms="14310" status="PASS">
          <reporter-output>
          </reporter-output>
        </test-method> <!-- setup -->
        <test-method signature="invalidLoginTest()[pri:2, instance:com.orangeHRM.tests.LoginTest@7cc0cdad]" started-at="2026-02-15T07:56:18 IST" name="invalidLoginTest" finished-at="2026-02-15T07:56:22 IST" duration-ms="3508" status="PASS">
          <reporter-output>
          </reporter-output>
        </test-method> <!-- invalidLoginTest -->
        <test-method is-config="true" signature="tearDown()[pri:0, instance:com.orangeHRM.tests.LoginTest@7cc0cdad]" started-at="2026-02-15T07:56:22 IST" name="tearDown" finished-at="2026-02-15T07:56:22 IST" duration-ms="237" status="PASS">
          <reporter-output>
          </reporter-output>
        </test-method> <!-- tearDown -->
      </class> <!-- com.orangeHRM.tests.LoginTest -->
    </test> <!-- Default test -->
  </suite> <!-- Default suite -->
</testng-results>
