<?xml version="1.0" encoding="UTF-8"?>
<testng-results ignored="0" total="1" passed="1" failed="0" skipped="0">
  <reporter-output>
  </reporter-output>
  <suite started-at="2026-02-19T07:56:57 IST" name="Default suite" finished-at="2026-02-19T07:57:37 IST" duration-ms="40664">
    <groups>
    </groups>
    <test started-at="2026-02-19T07:56:57 IST" name="Default test" finished-at="2026-02-19T07:57:37 IST" duration-ms="40664">
      <class name="com.orangeHRM.tests.AdminPageValidation">
        <test-method is-config="true" signature="setup()[pri:0, instance:com.orangeHRM.tests.AdminPageValidation@2b71e916]" started-at="2026-02-19T07:56:57 IST" name="setup" finished-at="2026-02-19T07:57:04 IST" duration-ms="7262" status="PASS">
          <reporter-output>
          </reporter-output>
        </test-method> <!-- setup -->
        <test-method signature="addNewUserTest()[pri:0, instance:com.orangeHRM.tests.AdminPageValidation@2b71e916]" started-at="2026-02-19T07:57:04 IST" name="addNewUserTest" finished-at="2026-02-19T07:57:37 IST" duration-ms="33020" status="PASS">
          <reporter-output>
          </reporter-output>
        </test-method> <!-- addNewUserTest -->
        <test-method is-config="true" signature="tearDown()[pri:0, instance:com.orangeHRM.tests.AdminPageValidation@2b71e916]" started-at="2026-02-19T07:57:37 IST" name="tearDown" finished-at="2026-02-19T07:57:37 IST" duration-ms="319" status="PASS">
          <reporter-output>
          </reporter-output>
        </test-method> <!-- tearDown -->
      </class> <!-- com.orangeHRM.tests.AdminPageValidation -->
    </test> <!-- Default test -->
  </suite> <!-- Default suite -->
</testng-results>
